<?xml version="1.0" encoding="UTF-8"?>
<!-- Generated by org.testng.reporters.JUnitReportReporter -->
<testsuite hostname="DESKTOP-QQJINFP" failures="0" tests="1" name="tests.PurchaseTest" time="9.151" errors="0" timestamp="2024-08-24T12:32:00 ART" skipped="0">
  <testcase classname="tests.PurchaseTest" name="testPurchase" time="9.151"/>
</testsuite> <!-- tests.PurchaseTest -->
